{
  "RSpec": {
    "coverage": {
      "/home/jorge/Escritorio/TP- Ing/proyecto-base-katas/batalla_naval/app/models/Tablero.rb": [
        1,
        null,
        1,
        null,
        null,
        1,
        18,
        null,
        null,
        null,
        null,
        1,
        2,
        2,
        2,
        2,
        2,
        4,
        null,
        null,
        null,
        1,
        2,
        2,
        2,
        2,
        6,
        4,
        4,
        2,
        null,
        null,
        null,
        1,
        0,
        0,
        0,
        0,
        0,
        0,
        0,
        null,
        0,
        null,
        null,
        null
      ],
      "/home/jorge/Escritorio/TP- Ing/proyecto-base-katas/batalla_naval/app/models/Barco.rb": [
        1,
        null,
        1,
        null,
        null,
        1,
        null,
        null,
        1,
        2,
        null,
        null,
        null,
        null,
        1,
        null,
        null,
        null,
        null,
        1,
        null,
        null
      ]
    },
    "timestamp": 1430621942
  },
  "Cucumber Features": {
    "coverage": {
      "/home/jorge/Escritorio/TP- Ing/proyecto-base-katas/batalla_naval/app/models/Tablero.rb": [
        1,
        null,
        1,
        null,
        null,
        1,
        12,
        null,
        null,
        null,
        null,
        1,
        2,
        2,
        2,
        2,
        2,
        4,
        null,
        null,
        null,
        1,
        7,
        7,
        7,
        7,
        16,
        9,
        9,
        7,
        null,
        null,
        null,
        1,
        5,
        5,
        5,
        5,
        5,
        5,
        5,
        null,
        5,
        null,
        null,
        null
      ],
      "/home/jorge/Escritorio/TP- Ing/proyecto-base-katas/batalla_naval/app/models/Barco.rb": [
        1,
        null,
        1,
        null,
        null,
        1,
        null,
        null,
        1,
        2,
        null,
        null,
        null,
        null,
        1,
        null,
        null,
        null,
        null,
        1,
        null,
        null
      ]
    },
    "timestamp": 1430621945
  }
}
