{
  "RSpec": {
    "coverage": {
      "/home/jorge/Escritorio/TP- Ing/proyecto-base-katas/batalla_naval/app/models/Tablero.rb": [
        1,
        null,
        1,
        null,
        null,
        1,
        12,
        null,
        null,
        null,
        1,
        1,
        1,
        1,
        null,
        null,
        null,
        null
      ],
      "/home/jorge/Escritorio/TP- Ing/proyecto-base-katas/batalla_naval/app/models/Barco.rb": [
        1,
        null,
        1,
        null,
        null,
        1,
        null,
        null,
        null,
        null,
        1,
        null,
        1,
        1,
        null,
        null
      ]
    },
    "timestamp": 1430613680
  },
  "Cucumber Features": {
    "coverage": {
      "/home/jorge/Escritorio/TP- Ing/proyecto-base-katas/batalla_naval/app/models/Tablero.rb": [
        1,
        null,
        1,
        null,
        null,
        1,
        6,
        null,
        null,
        null,
        1,
        0,
        0,
        0,
        null,
        null,
        null,
        null
      ]
    },
    "timestamp": 1430613682
  }
}
